<?xml version="1.0" encoding="UTF-8"?>
<coverage generated="1613750306207" clover="3.2.0">
  <project timestamp="1613750306208" name="All files">
    <metrics statements="27" coveredstatements="27" conditionals="23" coveredconditionals="23" methods="5" coveredmethods="5" elements="55" coveredelements="55" complexity="0" loc="27" ncloc="27" packages="1" files="1" classes="1"/>
    <file name="index.ts" path="C:\Users\Benjamin\Projects\Threeple\v4\fetch-opengraph\src\index.ts">
      <metrics statements="27" coveredstatements="27" conditionals="23" coveredconditionals="23" methods="5" coveredmethods="5"/>
      <line num="1" count="1" type="stmt"/>
      <line num="3" count="4" type="stmt"/>
      <line num="4" count="4" type="stmt"/>
      <line num="5" count="4" type="stmt"/>
      <line num="6" count="4" type="stmt"/>
      <line num="8" count="4" type="cond" truecount="2" falsecount="0"/>
      <line num="9" count="1" type="stmt"/>
      <line num="12" count="3" type="stmt"/>
      <line num="13" count="3" type="stmt"/>
      <line num="14" count="3" type="stmt"/>
      <line num="18" count="3" type="cond" truecount="1" falsecount="0"/>
      <line num="19" count="3" type="stmt"/>
      <line num="20" count="36" type="stmt"/>
      <line num="31" count="36" type="stmt"/>
      <line num="34" count="36" type="stmt"/>
      <line num="35" count="108" type="stmt"/>
      <line num="36" count="108" type="cond" truecount="2" falsecount="0"/>
      <line num="41" count="72" type="cond" truecount="2" falsecount="0"/>
      <line num="45" count="36" type="cond" truecount="2" falsecount="0"/>
      <line num="49" count="15" type="stmt"/>
      <line num="52" count="36" type="cond" truecount="2" falsecount="0"/>
      <line num="58" count="21" type="stmt"/>
      <line num="63" count="36" type="stmt"/>
      <line num="65" count="3" type="cond" truecount="4" falsecount="0"/>
      <line num="66" count="3" type="cond" truecount="4" falsecount="0"/>
      <line num="68" count="3" type="stmt"/>
      <line num="70" count="1" type="stmt"/>
    </file>
  </project>
</coverage>
