{"C:\\Users\\Benjamin\\Projects\\Threeple\\v4\\fetch-opengraph\\src\\index.ts": {"path":"C:\\Users\\Benjamin\\Projects\\Threeple\\v4\\fetch-opengraph\\src\\index.ts","statementMap":{"0":{"start":{"line":1,"column":0},"end":{"line":1,"column":45}},"1":{"start":{"line":3,"column":21},"end":{"line":73,"column":2}},"2":{"start":{"line":3,"column":57},"end":{"line":73,"column":2}},"3":{"start":{"line":4,"column":2},"end":{"line":72,"column":5}},"4":{"start":{"line":4,"column":47},"end":{"line":72,"column":4}},"5":{"start":{"line":5,"column":4},"end":{"line":71,"column":null}},"6":{"start":{"line":6,"column":43},"end":{"line":6,"column":63}},"7":{"start":{"line":8,"column":6},"end":{"line":10,"column":null}},"8":{"start":{"line":9,"column":8},"end":{"line":9,"column":23}},"9":{"start":{"line":12,"column":19},"end":{"line":12,"column":38}},"10":{"start":{"line":13,"column":20},"end":{"line":13,"column":48}},"11":{"start":{"line":14,"column":17},"end":{"line":14,"column":19}},"12":{"start":{"line":18,"column":6},"end":{"line":61,"column":null}},"13":{"start":{"line":19,"column":8},"end":{"line":60,"column":null}},"14":{"start":{"line":20,"column":32},"end":{"line":20,"column":34}},"15":{"start":{"line":31,"column":24},"end":{"line":31,"column":76}},"16":{"start":{"line":34,"column":10},"end":{"line":43,"column":26}},"17":{"start":{"line":35,"column":12},"end":{"line":35,"column":37}},"18":{"start":{"line":36,"column":12},"end":{"line":42,"column":null}},"19":{"start":{"line":41,"column":14},"end":{"line":41,"column":101}},"20":{"start":{"line":45,"column":10},"end":{"line":50,"column":null}},"21":{"start":{"line":49,"column":12},"end":{"line":49,"column":74}},"22":{"start":{"line":52,"column":10},"end":{"line":59,"column":null}},"23":{"start":{"line":58,"column":12},"end":{"line":58,"column":78}},"24":{"start":{"line":63,"column":21},"end":{"line":63,"column":102}},"25":{"start":{"line":63,"column":58},"end":{"line":63,"column":97}},"26":{"start":{"line":65,"column":6},"end":{"line":65,"column":120}},"27":{"start":{"line":66,"column":6},"end":{"line":66,"column":109}},"28":{"start":{"line":68,"column":6},"end":{"line":68,"column":29}},"29":{"start":{"line":70,"column":6},"end":{"line":70,"column":27}},"30":{"start":{"line":3,"column":13},"end":{"line":3,"column":21}}},"fnMap":{"0":{"name":"(anonymous_7)","decl":{"start":{"line":3,"column":21},"end":{"line":3,"column":28}},"loc":{"start":{"line":3,"column":57},"end":{"line":73,"column":2}}},"1":{"name":"(anonymous_8)","decl":{"start":{"line":3,"column":57},"end":{"line":3,"column":null}},"loc":{"start":{"line":3,"column":57},"end":{"line":73,"column":1}}},"2":{"name":"(anonymous_9)","decl":{"start":{"line":4,"column":21},"end":{"line":4,"column":28}},"loc":{"start":{"line":4,"column":47},"end":{"line":72,"column":4}}},"3":{"name":"(anonymous_10)","decl":{"start":{"line":4,"column":47},"end":{"line":4,"column":null}},"loc":{"start":{"line":4,"column":47},"end":{"line":72,"column":3}}},"4":{"name":"(anonymous_11)","decl":{"start":{"line":63,"column":31},"end":{"line":63,"column":32}},"loc":{"start":{"line":63,"column":58},"end":{"line":63,"column":97}}}},"branchMap":{"0":{"loc":{"start":{"line":8,"column":6},"end":{"line":10,"column":null}},"type":"if","locations":[{"start":{"line":8,"column":6},"end":{"line":10,"column":null}},{"start":{"line":8,"column":6},"end":{"line":10,"column":null}}]},"1":{"loc":{"start":{"line":18,"column":6},"end":{"line":61,"column":null}},"type":"if","locations":[{"start":{"line":18,"column":6},"end":{"line":61,"column":null}}]},"2":{"loc":{"start":{"line":36,"column":12},"end":{"line":42,"column":null}},"type":"if","locations":[{"start":{"line":36,"column":12},"end":{"line":42,"column":null}},{"start":{"line":36,"column":12},"end":{"line":42,"column":null}}]},"3":{"loc":{"start":{"line":41,"column":83},"end":{"line":41,"column":91}},"type":"cond-expr","locations":[{"start":{"line":41,"column":83},"end":{"line":41,"column":91}},{"start":{"line":41,"column":94},"end":{"line":41,"column":98}}]},"4":{"loc":{"start":{"line":45,"column":10},"end":{"line":50,"column":null}},"type":"if","locations":[{"start":{"line":45,"column":10},"end":{"line":50,"column":null}},{"start":{"line":45,"column":10},"end":{"line":50,"column":null}}]},"5":{"loc":{"start":{"line":46,"column":12},"end":{"line":46,"column":27}},"type":"binary-expr","locations":[{"start":{"line":46,"column":12},"end":{"line":46,"column":27}},{"start":{"line":47,"column":12},"end":{"line":47,"column":117}}]},"6":{"loc":{"start":{"line":52,"column":10},"end":{"line":59,"column":null}},"type":"if","locations":[{"start":{"line":52,"column":10},"end":{"line":59,"column":null}},{"start":{"line":52,"column":10},"end":{"line":59,"column":null}}]},"7":{"loc":{"start":{"line":53,"column":12},"end":{"line":53,"column":31}},"type":"binary-expr","locations":[{"start":{"line":53,"column":12},"end":{"line":53,"column":31}},{"start":{"line":54,"column":12},"end":{"line":55,"column":null}}]},"8":{"loc":{"start":{"line":65,"column":42},"end":{"line":65,"column":60}},"type":"cond-expr","locations":[{"start":{"line":65,"column":42},"end":{"line":65,"column":60}},{"start":{"line":65,"column":63},"end":{"line":65,"column":119}}]},"9":{"loc":{"start":{"line":65,"column":89},"end":{"line":65,"column":112}},"type":"cond-expr","locations":[{"start":{"line":65,"column":89},"end":{"line":65,"column":112}},{"start":{"line":65,"column":115},"end":{"line":65,"column":119}}]},"10":{"loc":{"start":{"line":66,"column":38},"end":{"line":66,"column":54}},"type":"cond-expr","locations":[{"start":{"line":66,"column":38},"end":{"line":66,"column":54}},{"start":{"line":66,"column":57},"end":{"line":66,"column":108}}]},"11":{"loc":{"start":{"line":66,"column":81},"end":{"line":66,"column":102}},"type":"cond-expr","locations":[{"start":{"line":66,"column":81},"end":{"line":66,"column":102}},{"start":{"line":66,"column":105},"end":{"line":66,"column":108}}]}},"s":{"0":1,"1":1,"2":4,"3":4,"4":4,"5":4,"6":4,"7":4,"8":1,"9":3,"10":3,"11":3,"12":3,"13":3,"14":36,"15":36,"16":36,"17":108,"18":108,"19":72,"20":36,"21":15,"22":36,"23":21,"24":3,"25":36,"26":3,"27":3,"28":3,"29":1,"30":1},"f":{"0":4,"1":4,"2":4,"3":4,"4":36},"b":{"0":[1,3],"1":[3],"2":[72,36],"3":[56,16],"4":[15,21],"5":[36,15],"6":[21,15],"7":[36,21],"8":[1,2],"9":[1,1],"10":[1,2],"11":[1,1]}}
}
