TN:
SF:src\index.ts
FN:3,(anonymous_7)
FN:3,(anonymous_8)
FN:4,(anonymous_9)
FN:4,(anonymous_10)
FN:63,(anonymous_11)
FNF:5
FNH:5
FNDA:4,(anonymous_7)
FNDA:4,(anonymous_8)
FNDA:4,(anonymous_9)
FNDA:4,(anonymous_10)
FNDA:36,(anonymous_11)
DA:1,1
DA:3,4
DA:4,4
DA:5,4
DA:6,4
DA:8,4
DA:9,1
DA:12,3
DA:13,3
DA:14,3
DA:18,3
DA:19,3
DA:20,36
DA:31,36
DA:34,36
DA:35,108
DA:36,108
DA:41,72
DA:45,36
DA:49,15
DA:52,36
DA:58,21
DA:63,36
DA:65,3
DA:66,3
DA:68,3
DA:70,1
LF:27
LH:27
BRDA:8,0,0,1
BRDA:8,0,1,3
BRDA:18,1,0,3
BRDA:36,2,0,72
BRDA:36,2,1,36
BRDA:41,3,0,56
BRDA:41,3,1,16
BRDA:45,4,0,15
BRDA:45,4,1,21
BRDA:46,5,0,36
BRDA:46,5,1,15
BRDA:52,6,0,21
BRDA:52,6,1,15
BRDA:53,7,0,36
BRDA:53,7,1,21
BRDA:65,8,0,1
BRDA:65,8,1,2
BRDA:65,9,0,1
BRDA:65,9,1,1
BRDA:66,10,0,1
BRDA:66,10,1,2
BRDA:66,11,0,1
BRDA:66,11,1,1
BRF:23
BRH:23
end_of_record
